modules/Clients.tsx(203,156): error TS2339: Property 'category' does not exist on type 'Client'.
modules/Clients.tsx(248,49): error TS2339: Property 'category' does not exist on type 'Client'.
modules/Clients.tsx(253,159): error TS2339: Property 'category' does not exist on type 'Client'.
modules/Clients.tsx(254,49): error TS2339: Property 'category' does not exist on type 'Client'.
tests/unit/example.test.ts(2,1): error TS2593: Cannot find name 'describe'. Do you need to install type definitions for a test runner? Try `npm i --save-dev @types/jest` or `npm i --save-dev @types/mocha` and then add 'jest' or 'mocha' to the types field in your tsconfig.
tests/unit/example.test.ts(3,3): error TS2593: Cannot find name 'it'. Do you need to install type definitions for a test runner? Try `npm i --save-dev @types/jest` or `npm i --save-dev @types/mocha` and then add 'jest' or 'mocha' to the types field in your tsconfig.
tests/unit/example.test.ts(4,5): error TS2304: Cannot find name 'expect'.
